[debug] [2020-08-10T17:26:53.647Z] ----------------------------------------------------------------------
[debug] [2020-08-10T17:26:53.649Z] Command:       D:\Node\node.exe C:\Users\sandeep\AppData\Roaming\npm\node_modules\firebase-tools\lib\bin\firebase.js projects:list
[debug] [2020-08-10T17:26:53.649Z] CLI Version:   8.7.0
[debug] [2020-08-10T17:26:53.649Z] Platform:      win32
[debug] [2020-08-10T17:26:53.649Z] Node Version:  v12.15.0
[debug] [2020-08-10T17:26:53.651Z] Time:          Mon Aug 10 2020 22:56:53 GMT+0530 (India Standard Time)
[debug] [2020-08-10T17:26:53.651Z] ----------------------------------------------------------------------
[debug] [2020-08-10T17:26:53.651Z] 
[debug] [2020-08-10T17:26:53.658Z] > command requires scopes: ["email","openid","https://www.googleapis.com/auth/cloudplatformprojects.readonly","https://www.googleapis.com/auth/firebase","https://www.googleapis.com/auth/cloud-platform"]
[debug] [2020-08-10T17:26:53.658Z] > authorizing via signed-in user
[debug] [2020-08-10T17:26:53.665Z] > refreshing access token with scopes: ["email","https://www.googleapis.com/auth/cloud-platform","https://www.googleapis.com/auth/cloudplatformprojects.readonly","https://www.googleapis.com/auth/firebase","openid"]
[debug] [2020-08-10T17:26:53.665Z] >>> HTTP REQUEST POST https://www.googleapis.com/oauth2/v3/token  
 <request body omitted>
[debug] [2020-08-10T17:27:15.277Z] Authentication Error: Your credentials are no longer valid. Please run firebase login --reauth

For CI servers and headless environments, generate a new token with firebase login:ci
[debug] [2020-08-10T17:27:15.807Z] FirebaseError: Authentication Error: Your credentials are no longer valid. Please run firebase login --reauth

For CI servers and headless environments, generate a new token with firebase login:ci
    at Object.<anonymous> (C:\Users\sandeep\AppData\Roaming\npm\node_modules\firebase-tools\lib\auth.js:23:32)
    at Module._compile (internal/modules/cjs/loader.js:955:30)
    at Object.Module._extensions..js (internal/modules/cjs/loader.js:991:10)
    at Module.load (internal/modules/cjs/loader.js:811:32)
    at Function.Module._load (internal/modules/cjs/loader.js:723:14)
    at Module.require (internal/modules/cjs/loader.js:848:19)
    at require (internal/modules/cjs/helpers.js:74:18)
    at Object.<anonymous> (C:\Users\sandeep\AppData\Roaming\npm\node_modules\firebase-tools\lib\commands\login.js:20:14)
    at Module._compile (internal/modules/cjs/loader.js:955:30)
    at Object.Module._extensions..js (internal/modules/cjs/loader.js:991:10)
    at Module.load (internal/modules/cjs/loader.js:811:32)
    at Function.Module._load (internal/modules/cjs/loader.js:723:14)
    at Module.require (internal/modules/cjs/loader.js:848:19)
    at require (internal/modules/cjs/helpers.js:74:18)
    at loadCommand (C:\Users\sandeep\AppData\Roaming\npm\node_modules\firebase-tools\lib\commands\index.js:5:19)
    at module.exports (C:\Users\sandeep\AppData\Roaming\npm\node_modules\firebase-tools\lib\commands\index.js:89:20)
[error] 
[error] Error: Failed to list Firebase projects. See firebase-debug.log for more info.
[debug] [2020-08-10T17:27:28.628Z] ----------------------------------------------------------------------
[debug] [2020-08-10T17:27:28.630Z] Command:       D:\Node\node.exe C:\Users\sandeep\AppData\Roaming\npm\node_modules\firebase-tools\lib\bin\firebase.js projects:list
[debug] [2020-08-10T17:27:28.630Z] CLI Version:   8.7.0
[debug] [2020-08-10T17:27:28.630Z] Platform:      win32
[debug] [2020-08-10T17:27:28.630Z] Node Version:  v12.15.0
[debug] [2020-08-10T17:27:28.632Z] Time:          Mon Aug 10 2020 22:57:28 GMT+0530 (India Standard Time)
[debug] [2020-08-10T17:27:28.632Z] ----------------------------------------------------------------------
[debug] [2020-08-10T17:27:28.632Z] 
[debug] [2020-08-10T17:27:28.639Z] > command requires scopes: ["email","openid","https://www.googleapis.com/auth/cloudplatformprojects.readonly","https://www.googleapis.com/auth/firebase","https://www.googleapis.com/auth/cloud-platform"]
[debug] [2020-08-10T17:27:28.639Z] > authorizing via signed-in user
[debug] [2020-08-10T17:27:28.646Z] > refreshing access token with scopes: ["email","https://www.googleapis.com/auth/cloud-platform","https://www.googleapis.com/auth/cloudplatformprojects.readonly","https://www.googleapis.com/auth/firebase","openid"]
[debug] [2020-08-10T17:27:28.646Z] >>> HTTP REQUEST POST https://www.googleapis.com/oauth2/v3/token  
 <request body omitted>
[debug] [2020-08-10T17:27:49.678Z] Authentication Error: Your credentials are no longer valid. Please run firebase login --reauth

For CI servers and headless environments, generate a new token with firebase login:ci
[debug] [2020-08-10T17:27:49.936Z] FirebaseError: Authentication Error: Your credentials are no longer valid. Please run firebase login --reauth

For CI servers and headless environments, generate a new token with firebase login:ci
    at Object.<anonymous> (C:\Users\sandeep\AppData\Roaming\npm\node_modules\firebase-tools\lib\auth.js:23:32)
    at Module._compile (internal/modules/cjs/loader.js:955:30)
    at Object.Module._extensions..js (internal/modules/cjs/loader.js:991:10)
    at Module.load (internal/modules/cjs/loader.js:811:32)
    at Function.Module._load (internal/modules/cjs/loader.js:723:14)
    at Module.require (internal/modules/cjs/loader.js:848:19)
    at require (internal/modules/cjs/helpers.js:74:18)
    at Object.<anonymous> (C:\Users\sandeep\AppData\Roaming\npm\node_modules\firebase-tools\lib\commands\login.js:20:14)
    at Module._compile (internal/modules/cjs/loader.js:955:30)
    at Object.Module._extensions..js (internal/modules/cjs/loader.js:991:10)
    at Module.load (internal/modules/cjs/loader.js:811:32)
    at Function.Module._load (internal/modules/cjs/loader.js:723:14)
    at Module.require (internal/modules/cjs/loader.js:848:19)
    at require (internal/modules/cjs/helpers.js:74:18)
    at loadCommand (C:\Users\sandeep\AppData\Roaming\npm\node_modules\firebase-tools\lib\commands\index.js:5:19)
    at module.exports (C:\Users\sandeep\AppData\Roaming\npm\node_modules\firebase-tools\lib\commands\index.js:89:20)
[error] 
[error] Error: Failed to list Firebase projects. See firebase-debug.log for more info.
[debug] [2020-08-10T17:30:09.737Z] ----------------------------------------------------------------------
[debug] [2020-08-10T17:30:09.740Z] Command:       D:\Node\node.exe C:\Users\sandeep\AppData\Roaming\npm\node_modules\firebase-tools\lib\bin\firebase.js deploy --project burger-builder-e0dd7
[debug] [2020-08-10T17:30:09.740Z] CLI Version:   8.7.0
[debug] [2020-08-10T17:30:09.740Z] Platform:      win32
[debug] [2020-08-10T17:30:09.740Z] Node Version:  v12.15.0
[debug] [2020-08-10T17:30:09.742Z] Time:          Mon Aug 10 2020 23:00:09 GMT+0530 (India Standard Time)
[debug] [2020-08-10T17:30:09.743Z] ----------------------------------------------------------------------
[debug] [2020-08-10T17:30:09.743Z] 
[debug] [2020-08-10T17:30:09.754Z] > command requires scopes: ["email","openid","https://www.googleapis.com/auth/cloudplatformprojects.readonly","https://www.googleapis.com/auth/firebase","https://www.googleapis.com/auth/cloud-platform"]
[debug] [2020-08-10T17:30:09.755Z] > authorizing via signed-in user
[debug] [2020-08-10T17:30:09.756Z] [iam] checking project burger-builder-e0dd7 for permissions ["firebase.projects.get","firebasehosting.sites.update"]
[debug] [2020-08-10T17:30:09.760Z] > refreshing access token with scopes: ["email","https://www.googleapis.com/auth/cloud-platform","https://www.googleapis.com/auth/cloudplatformprojects.readonly","https://www.googleapis.com/auth/firebase","openid"]
[debug] [2020-08-10T17:30:09.760Z] >>> HTTP REQUEST POST https://www.googleapis.com/oauth2/v3/token  
 <request body omitted>
[debug] [2020-08-10T17:30:31.031Z] [iam] error while checking permissions, command may fail: FirebaseError: Authentication Error: Your credentials are no longer valid. Please run firebase login --reauth

For CI servers and headless environments, generate a new token with firebase login:ci
[debug] [2020-08-10T17:30:31.032Z] > refreshing access token with scopes: ["email","https://www.googleapis.com/auth/cloud-platform","https://www.googleapis.com/auth/cloudplatformprojects.readonly","https://www.googleapis.com/auth/firebase","openid"]
[debug] [2020-08-10T17:30:31.032Z] >>> HTTP REQUEST POST https://www.googleapis.com/oauth2/v3/token  
 <request body omitted>
[debug] [2020-08-10T17:30:52.041Z] Authentication Error: Your credentials are no longer valid. Please run firebase login --reauth

For CI servers and headless environments, generate a new token with firebase login:ci
[debug] [2020-08-10T17:30:52.700Z] FirebaseError: Authentication Error: Your credentials are no longer valid. Please run firebase login --reauth

For CI servers and headless environments, generate a new token with firebase login:ci
    at Object.<anonymous> (C:\Users\sandeep\AppData\Roaming\npm\node_modules\firebase-tools\lib\auth.js:23:32)
    at Module._compile (internal/modules/cjs/loader.js:955:30)
    at Object.Module._extensions..js (internal/modules/cjs/loader.js:991:10)
    at Module.load (internal/modules/cjs/loader.js:811:32)
    at Function.Module._load (internal/modules/cjs/loader.js:723:14)
    at Module.require (internal/modules/cjs/loader.js:848:19)
    at require (internal/modules/cjs/helpers.js:74:18)
    at Object.<anonymous> (C:\Users\sandeep\AppData\Roaming\npm\node_modules\firebase-tools\lib\commands\login.js:20:14)
    at Module._compile (internal/modules/cjs/loader.js:955:30)
    at Object.Module._extensions..js (internal/modules/cjs/loader.js:991:10)
    at Module.load (internal/modules/cjs/loader.js:811:32)
    at Function.Module._load (internal/modules/cjs/loader.js:723:14)
    at Module.require (internal/modules/cjs/loader.js:848:19)
    at require (internal/modules/cjs/helpers.js:74:18)
    at loadCommand (C:\Users\sandeep\AppData\Roaming\npm\node_modules\firebase-tools\lib\commands\index.js:5:19)
    at module.exports (C:\Users\sandeep\AppData\Roaming\npm\node_modules\firebase-tools\lib\commands\index.js:89:20)
[error] 
[error] Error: Failed to get Firebase project burger-builder-e0dd7. Please make sure the project exists and your account has permission to access it.
